<?xml version="1.0" encoding="UTF-8"?>
<!-- Generated by org.testng.reporters.JUnitXMLReporter -->
<testsuite ignored="19" hostname="DESKTOP-0PCMJHH" failures="0" tests="1" name="Default test" time="12.962" errors="0" timestamp="2023-02-07T18:17:46 CST">
  <testcase classname="testcases.EbayTest" name="testcase1" time="3.249"/>
  <testcase classname="testcases.EbayTest" name="test13" time="0.0">
    <ignored/>
  </testcase> <!-- test13 -->
  <testcase classname="testcases.EbayTest" name="testcase11" time="0.0">
    <ignored/>
  </testcase> <!-- testcase11 -->
  <testcase classname="testcases.EbayTest" name="testcase10" time="0.0">
    <ignored/>
  </testcase> <!-- testcase10 -->
  <testcase classname="testcases.EbayTest" name="testcase20" time="0.0">
    <ignored/>
  </testcase> <!-- testcase20 -->
  <testcase classname="testcases.EbayTest" name="testcase16" time="0.0">
    <ignored/>
  </testcase> <!-- testcase16 -->
  <testcase classname="testcases.EbayTest" name="testcase19" time="0.0">
    <ignored/>
  </testcase> <!-- testcase19 -->
  <testcase classname="testcases.EbayTest" name="testcase18" time="0.0">
    <ignored/>
  </testcase> <!-- testcase18 -->
  <testcase classname="testcases.EbayTest" name="testcase17" time="0.0">
    <ignored/>
  </testcase> <!-- testcase17 -->
  <testcase classname="testcases.EbayTest" name="testcase6" time="0.0">
    <ignored/>
  </testcase> <!-- testcase6 -->
  <testcase classname="testcases.EbayTest" name="testcase7" time="0.0">
    <ignored/>
  </testcase> <!-- testcase7 -->
  <testcase classname="testcases.EbayTest" name="testcase8" time="0.0">
    <ignored/>
  </testcase> <!-- testcase8 -->
  <testcase classname="testcases.EbayTest" name="testcase9" time="0.0">
    <ignored/>
  </testcase> <!-- testcase9 -->
  <testcase classname="testcases.EbayTest" name="testcase2" time="0.0">
    <ignored/>
  </testcase> <!-- testcase2 -->
  <testcase classname="testcases.EbayTest" name="testcase3" time="0.0">
    <ignored/>
  </testcase> <!-- testcase3 -->
  <testcase classname="testcases.EbayTest" name="testcase4" time="0.0">
    <ignored/>
  </testcase> <!-- testcase4 -->
  <testcase classname="testcases.EbayTest" name="testcase5" time="0.0">
    <ignored/>
  </testcase> <!-- testcase5 -->
  <testcase classname="testcases.EbayTest" name="test12" time="0.0">
    <ignored/>
  </testcase> <!-- test12 -->
  <testcase classname="testcases.EbayTest" name="test15" time="0.0">
    <ignored/>
  </testcase> <!-- test15 -->
  <testcase classname="testcases.EbayTest" name="test14" time="0.0">
    <ignored/>
  </testcase> <!-- test14 -->
</testsuite> <!-- Default test -->
