<?xml version="1.0" encoding="UTF-8"?>
<!-- Generated by org.testng.reporters.JUnitXMLReporter -->
<testsuite ignored="0" hostname="DESKTOP-0PCMJHH" failures="0" tests="20" name="Test" time="294.788" errors="0" timestamp="2023-02-07T18:31:47 CST">
  <testcase classname="testcases.EbayTest" name="testcase1" time="3.019"/>
  <testcase classname="testcases.EbayTest" name="testcase2" time="4.346"/>
  <testcase classname="testcases.EbayTest" name="testcase3" time="4.577"/>
  <testcase classname="testcases.EbayTest" name="testcase4" time="2.803"/>
  <testcase classname="testcases.EbayTest" name="testcase5" time="1.238"/>
  <testcase classname="testcases.EbayTest" name="testcase6" time="1.217"/>
  <testcase classname="testcases.EbayTest" name="testcase7" time="4.413"/>
  <testcase classname="testcases.EbayTest" name="testcase8" time="4.383"/>
  <testcase classname="testcases.EbayTest" name="testcase9" time="4.224"/>
  <testcase classname="testcases.EbayTest" name="testcase10" time="4.389"/>
  <testcase classname="testcases.EbayTest" name="testcase11" time="1.182"/>
  <testcase classname="testcases.EbayTest" name="test12" time="3.121"/>
  <testcase classname="testcases.EbayTest" name="test13" time="3.213"/>
  <testcase classname="testcases.EbayTest" name="test14" time="4.19"/>
  <testcase classname="testcases.EbayTest" name="test15" time="2.264"/>
  <testcase classname="testcases.EbayTest" name="testcase16" time="2.627"/>
  <testcase classname="testcases.EbayTest" name="testcase17" time="3.526"/>
  <testcase classname="testcases.EbayTest" name="testcase18" time="2.071"/>
  <testcase classname="testcases.EbayTest" name="testcase19" time="4.647"/>
  <testcase classname="testcases.EbayTest" name="testcase20" time="6.63"/>
</testsuite> <!-- Test -->
